ARM GAS  /var/folders/xw/ncjdtmf133b976k652zsj0500000gn/T//ccjlUmgb.s 			page 1


   1              		.cpu cortex-m3
   2              		.eabi_attribute 20, 1
   3              		.eabi_attribute 21, 1
   4              		.eabi_attribute 23, 3
   5              		.eabi_attribute 24, 1
   6              		.eabi_attribute 25, 1
   7              		.eabi_attribute 26, 1
   8              		.eabi_attribute 30, 1
   9              		.eabi_attribute 34, 1
  10              		.eabi_attribute 18, 4
  11              		.file	"gpio.c"
  12              		.text
  13              	.Ltext0:
  14              		.cfi_sections	.debug_frame
  15              		.section	.text.MX_GPIO_Init,"ax",%progbits
  16              		.align	1
  17              		.global	MX_GPIO_Init
  18              		.syntax unified
  19              		.thumb
  20              		.thumb_func
  21              		.fpu softvfp
  23              	MX_GPIO_Init:
  24              	.LFB66:
  25              		.file 1 "Src/gpio.c"
   1:Src/gpio.c    **** /**
   2:Src/gpio.c    ****   ******************************************************************************
   3:Src/gpio.c    ****   * File Name          : gpio.c
   4:Src/gpio.c    ****   * Description        : This file provides code for the configuration
   5:Src/gpio.c    ****   *                      of all used GPIO pins.
   6:Src/gpio.c    ****   ******************************************************************************
   7:Src/gpio.c    ****   ** This notice applies to any and all portions of this file
   8:Src/gpio.c    ****   * that are not between comment pairs USER CODE BEGIN and
   9:Src/gpio.c    ****   * USER CODE END. Other portions of this file, whether 
  10:Src/gpio.c    ****   * inserted by the user or by software development tools
  11:Src/gpio.c    ****   * are owned by their respective copyright owners.
  12:Src/gpio.c    ****   *
  13:Src/gpio.c    ****   * COPYRIGHT(c) 2018 STMicroelectronics
  14:Src/gpio.c    ****   *
  15:Src/gpio.c    ****   * Redistribution and use in source and binary forms, with or without modification,
  16:Src/gpio.c    ****   * are permitted provided that the following conditions are met:
  17:Src/gpio.c    ****   *   1. Redistributions of source code must retain the above copyright notice,
  18:Src/gpio.c    ****   *      this list of conditions and the following disclaimer.
  19:Src/gpio.c    ****   *   2. Redistributions in binary form must reproduce the above copyright notice,
  20:Src/gpio.c    ****   *      this list of conditions and the following disclaimer in the documentation
  21:Src/gpio.c    ****   *      and/or other materials provided with the distribution.
  22:Src/gpio.c    ****   *   3. Neither the name of STMicroelectronics nor the names of its contributors
  23:Src/gpio.c    ****   *      may be used to endorse or promote products derived from this software
  24:Src/gpio.c    ****   *      without specific prior written permission.
  25:Src/gpio.c    ****   *
  26:Src/gpio.c    ****   * THIS SOFTWARE IS PROVIDED BY THE COPYRIGHT HOLDERS AND CONTRIBUTORS "AS IS"
  27:Src/gpio.c    ****   * AND ANY EXPRESS OR IMPLIED WARRANTIES, INCLUDING, BUT NOT LIMITED TO, THE
  28:Src/gpio.c    ****   * IMPLIED WARRANTIES OF MERCHANTABILITY AND FITNESS FOR A PARTICULAR PURPOSE ARE
  29:Src/gpio.c    ****   * DISCLAIMED. IN NO EVENT SHALL THE COPYRIGHT HOLDER OR CONTRIBUTORS BE LIABLE
  30:Src/gpio.c    ****   * FOR ANY DIRECT, INDIRECT, INCIDENTAL, SPECIAL, EXEMPLARY, OR CONSEQUENTIAL
  31:Src/gpio.c    ****   * DAMAGES (INCLUDING, BUT NOT LIMITED TO, PROCUREMENT OF SUBSTITUTE GOODS OR
  32:Src/gpio.c    ****   * SERVICES; LOSS OF USE, DATA, OR PROFITS; OR BUSINESS INTERRUPTION) HOWEVER
  33:Src/gpio.c    ****   * CAUSED AND ON ANY THEORY OF LIABILITY, WHETHER IN CONTRACT, STRICT LIABILITY,
ARM GAS  /var/folders/xw/ncjdtmf133b976k652zsj0500000gn/T//ccjlUmgb.s 			page 2


  34:Src/gpio.c    ****   * OR TORT (INCLUDING NEGLIGENCE OR OTHERWISE) ARISING IN ANY WAY OUT OF THE USE
  35:Src/gpio.c    ****   * OF THIS SOFTWARE, EVEN IF ADVISED OF THE POSSIBILITY OF SUCH DAMAGE.
  36:Src/gpio.c    ****   *
  37:Src/gpio.c    ****   ******************************************************************************
  38:Src/gpio.c    ****   */
  39:Src/gpio.c    **** 
  40:Src/gpio.c    **** /* Includes ------------------------------------------------------------------*/
  41:Src/gpio.c    **** #include "gpio.h"
  42:Src/gpio.c    **** /* USER CODE BEGIN 0 */
  43:Src/gpio.c    **** 
  44:Src/gpio.c    **** /* USER CODE END 0 */
  45:Src/gpio.c    **** 
  46:Src/gpio.c    **** /*----------------------------------------------------------------------------*/
  47:Src/gpio.c    **** /* Configure GPIO                                                             */
  48:Src/gpio.c    **** /*----------------------------------------------------------------------------*/
  49:Src/gpio.c    **** /* USER CODE BEGIN 1 */
  50:Src/gpio.c    **** 
  51:Src/gpio.c    **** /* USER CODE END 1 */
  52:Src/gpio.c    **** 
  53:Src/gpio.c    **** /** Configure pins as 
  54:Src/gpio.c    ****         * Analog 
  55:Src/gpio.c    ****         * Input 
  56:Src/gpio.c    ****         * Output
  57:Src/gpio.c    ****         * EVENT_OUT
  58:Src/gpio.c    ****         * EXTI
  59:Src/gpio.c    **** */
  60:Src/gpio.c    **** void MX_GPIO_Init(void)
  61:Src/gpio.c    **** {
  26              		.loc 1 61 0
  27              		.cfi_startproc
  28              		@ args = 0, pretend = 0, frame = 32
  29              		@ frame_needed = 0, uses_anonymous_args = 0
  30 0000 00B5     		push	{lr}
  31              	.LCFI0:
  32              		.cfi_def_cfa_offset 4
  33              		.cfi_offset 14, -4
  34 0002 89B0     		sub	sp, sp, #36
  35              	.LCFI1:
  36              		.cfi_def_cfa_offset 40
  37              	.LBB2:
  62:Src/gpio.c    **** 
  63:Src/gpio.c    ****   GPIO_InitTypeDef GPIO_InitStruct;
  64:Src/gpio.c    **** 
  65:Src/gpio.c    ****   /* GPIO Ports Clock Enable */
  66:Src/gpio.c    ****   __HAL_RCC_GPIOC_CLK_ENABLE();
  38              		.loc 1 66 0
  39 0004 184B     		ldr	r3, .L3
  40 0006 9A69     		ldr	r2, [r3, #24]
  41 0008 42F01002 		orr	r2, r2, #16
  42 000c 9A61     		str	r2, [r3, #24]
  43 000e 9A69     		ldr	r2, [r3, #24]
  44 0010 02F01002 		and	r2, r2, #16
  45 0014 0092     		str	r2, [sp]
  46 0016 009A     		ldr	r2, [sp]
  47              	.LBE2:
  48              	.LBB3:
  67:Src/gpio.c    ****   __HAL_RCC_GPIOD_CLK_ENABLE();
ARM GAS  /var/folders/xw/ncjdtmf133b976k652zsj0500000gn/T//ccjlUmgb.s 			page 3


  49              		.loc 1 67 0
  50 0018 9A69     		ldr	r2, [r3, #24]
  51 001a 42F02002 		orr	r2, r2, #32
  52 001e 9A61     		str	r2, [r3, #24]
  53 0020 9A69     		ldr	r2, [r3, #24]
  54 0022 02F02002 		and	r2, r2, #32
  55 0026 0192     		str	r2, [sp, #4]
  56 0028 019A     		ldr	r2, [sp, #4]
  57              	.LBE3:
  58              	.LBB4:
  68:Src/gpio.c    ****   __HAL_RCC_GPIOA_CLK_ENABLE();
  59              		.loc 1 68 0
  60 002a 9A69     		ldr	r2, [r3, #24]
  61 002c 42F00402 		orr	r2, r2, #4
  62 0030 9A61     		str	r2, [r3, #24]
  63 0032 9A69     		ldr	r2, [r3, #24]
  64 0034 02F00402 		and	r2, r2, #4
  65 0038 0292     		str	r2, [sp, #8]
  66 003a 029A     		ldr	r2, [sp, #8]
  67              	.LBE4:
  68              	.LBB5:
  69:Src/gpio.c    ****   __HAL_RCC_GPIOB_CLK_ENABLE();
  69              		.loc 1 69 0
  70 003c 9A69     		ldr	r2, [r3, #24]
  71 003e 42F00802 		orr	r2, r2, #8
  72 0042 9A61     		str	r2, [r3, #24]
  73 0044 9B69     		ldr	r3, [r3, #24]
  74 0046 03F00803 		and	r3, r3, #8
  75 004a 0393     		str	r3, [sp, #12]
  76 004c 039B     		ldr	r3, [sp, #12]
  77              	.LBE5:
  70:Src/gpio.c    **** 
  71:Src/gpio.c    ****   /*Configure GPIO pins : PA2 PA3 */
  72:Src/gpio.c    ****   GPIO_InitStruct.Pin = GPIO_PIN_2|GPIO_PIN_3;
  78              		.loc 1 72 0
  79 004e 0C23     		movs	r3, #12
  80 0050 0493     		str	r3, [sp, #16]
  73:Src/gpio.c    ****   GPIO_InitStruct.Mode = GPIO_MODE_INPUT;
  81              		.loc 1 73 0
  82 0052 0023     		movs	r3, #0
  83 0054 0593     		str	r3, [sp, #20]
  74:Src/gpio.c    ****   GPIO_InitStruct.Pull = GPIO_PULLDOWN;
  84              		.loc 1 74 0
  85 0056 0223     		movs	r3, #2
  86 0058 0693     		str	r3, [sp, #24]
  75:Src/gpio.c    ****   HAL_GPIO_Init(GPIOA, &GPIO_InitStruct);
  87              		.loc 1 75 0
  88 005a 04A9     		add	r1, sp, #16
  89 005c 0348     		ldr	r0, .L3+4
  90 005e FFF7FEFF 		bl	HAL_GPIO_Init
  91              	.LVL0:
  76:Src/gpio.c    **** 
  77:Src/gpio.c    **** }
  92              		.loc 1 77 0
  93 0062 09B0     		add	sp, sp, #36
  94              	.LCFI2:
  95              		.cfi_def_cfa_offset 4
ARM GAS  /var/folders/xw/ncjdtmf133b976k652zsj0500000gn/T//ccjlUmgb.s 			page 4


  96              		@ sp needed
  97 0064 5DF804FB 		ldr	pc, [sp], #4
  98              	.L4:
  99              		.align	2
 100              	.L3:
 101 0068 00100240 		.word	1073876992
 102 006c 00080140 		.word	1073809408
 103              		.cfi_endproc
 104              	.LFE66:
 106              		.text
 107              	.Letext0:
 108              		.file 2 "/usr/local/Cellar/gcc-arm-none-eabi/20171218/arm-none-eabi/include/machine/_default_types
 109              		.file 3 "/usr/local/Cellar/gcc-arm-none-eabi/20171218/arm-none-eabi/include/sys/_stdint.h"
 110              		.file 4 "Drivers/CMSIS/Include/core_cm3.h"
 111              		.file 5 "Drivers/CMSIS/Device/ST/STM32F1xx/Include/system_stm32f1xx.h"
 112              		.file 6 "Drivers/CMSIS/Device/ST/STM32F1xx/Include/stm32f103xb.h"
 113              		.file 7 "/usr/local/Cellar/gcc-arm-none-eabi/20171218/arm-none-eabi/include/sys/lock.h"
 114              		.file 8 "/usr/local/Cellar/gcc-arm-none-eabi/20171218/arm-none-eabi/include/sys/_types.h"
 115              		.file 9 "/usr/local/Cellar/gcc-arm-none-eabi/20171218/lib/gcc/arm-none-eabi/7.2.1/include/stddef.h
 116              		.file 10 "/usr/local/Cellar/gcc-arm-none-eabi/20171218/arm-none-eabi/include/sys/reent.h"
 117              		.file 11 "Drivers/STM32F1xx_HAL_Driver/Inc/stm32f1xx_hal_gpio.h"
ARM GAS  /var/folders/xw/ncjdtmf133b976k652zsj0500000gn/T//ccjlUmgb.s 			page 5


DEFINED SYMBOLS
                            *ABS*:0000000000000000 gpio.c
/var/folders/xw/ncjdtmf133b976k652zsj0500000gn/T//ccjlUmgb.s:16     .text.MX_GPIO_Init:0000000000000000 $t
/var/folders/xw/ncjdtmf133b976k652zsj0500000gn/T//ccjlUmgb.s:23     .text.MX_GPIO_Init:0000000000000000 MX_GPIO_Init
/var/folders/xw/ncjdtmf133b976k652zsj0500000gn/T//ccjlUmgb.s:101    .text.MX_GPIO_Init:0000000000000068 $d

UNDEFINED SYMBOLS
HAL_GPIO_Init
